# JRE version: OpenJDK Runtime Environment (17.0+35) (build 17+35-2724)
# Java VM: OpenJDK 64-Bit Server VM (17+35-2724, mixed mode, sharing, tiered, compressed oops, compressed class ptrs, g1 gc, windows-amd64)
GC Precious Log:
 CPUs: 8 total, 8 available
 Memory: 3929M
 Large Page Support: Disabled
 NUMA Support: Disabled
 Compressed Oops: Enabled (32-bit)
 Heap Region Size: 1M
 Heap Min Capacity: 8M
 Heap Initial Capacity: 62M
 Heap Max Capacity: 984M
 Pre-touch: Disabled
 Parallel Workers: 8
 Concurrent Workers: 2
 Concurrent Refinement Workers: 8
 Periodic GC: Disabled
Heap:
 garbage-first heap   total 164864K, used 107137K [0x00000000c2800000, 0x0000000100000000)
  region size 1024K, 79 young (80896K), 4 survivors (4096K)
 Metaspace       used 78263K, committed 78912K, reserved 1122304K
  class space    used 10346K, committed 10688K, reserved 1048576K
GC Heap History (20 events):
Event: 18.260 GC heap before
{Heap before GC invocations=11 (full 0):
 garbage-first heap   total 51200K, used 39603K [0x00000000c2800000, 0x0000000100000000)
  region size 1024K, 23 young (23552K), 1 survivors (1024K)
 Metaspace       used 30680K, committed 31040K, reserved 1081344K
  class space    used 3915K, committed 4096K, reserved 1048576K
}
Event: 18.268 GC heap after
{Heap after GC invocations=12 (full 0):
 garbage-first heap   total 116736K, used 18240K [0x00000000c2800000, 0x0000000100000000)
  region size 1024K, 2 young (2048K), 2 survivors (2048K)
 Metaspace       used 30680K, committed 31040K, reserved 1081344K
  class space    used 3915K, committed 4096K, reserved 1048576K
}
Event: 19.950 GC heap before
{Heap before GC invocations=12 (full 0):
 garbage-first heap   total 116736K, used 37696K [0x00000000c2800000, 0x0000000100000000)
  region size 1024K, 22 young (22528K), 2 survivors (2048K)
 Metaspace       used 35677K, committed 36096K, reserved 1081344K
  class space    used 4661K, committed 4864K, reserved 1048576K
}
Event: 19.959 GC heap after
{Heap after GC invocations=13 (full 0):
 garbage-first heap   total 116736K, used 19289K [0x00000000c2800000, 0x0000000100000000)
  region size 1024K, 3 young (3072K), 3 survivors (3072K)
 Metaspace       used 35677K, committed 36096K, reserved 1081344K
  class space    used 4661K, committed 4864K, reserved 1048576K
}
Event: 22.209 GC heap before
{Heap before GC invocations=14 (full 0):
 garbage-first heap   total 68608K, used 56153K [0x00000000c2800000, 0x0000000100000000)
  region size 1024K, 40 young (40960K), 3 survivors (3072K)
 Metaspace       used 44711K, committed 45056K, reserved 1089536K
  class space    used 5790K, committed 5952K, reserved 1048576K
}
Event: 22.227 GC heap after
{Heap after GC invocations=15 (full 0):
 garbage-first heap   total 68608K, used 21676K [0x00000000c2800000, 0x0000000100000000)
  region size 1024K, 4 young (4096K), 4 survivors (4096K)
 Metaspace       used 44711K, committed 45056K, reserved 1089536K
  class space    used 5790K, committed 5952K, reserved 1048576K
}
Event: 22.234 GC heap before
{Heap before GC invocations=15 (full 0):
 garbage-first heap   total 68608K, used 22700K [0x00000000c2800000, 0x0000000100000000)
  region size 1024K, 5 young (5120K), 4 survivors (4096K)
 Metaspace       used 44722K, committed 45056K, reserved 1089536K
  class space    used 5793K, committed 5952K, reserved 1048576K
}
Event: 22.251 GC heap after
{Heap after GC invocations=16 (full 0):
 garbage-first heap   total 68608K, used 21887K [0x00000000c2800000, 0x0000000100000000)
  region size 1024K, 1 young (1024K), 1 survivors (1024K)
 Metaspace       used 44722K, committed 45056K, reserved 1089536K
  class space    used 5793K, committed 5952K, reserved 1048576K
}
Event: 24.528 GC heap before
{Heap before GC invocations=16 (full 0):
 garbage-first heap   total 68608K, used 52607K [0x00000000c2800000, 0x0000000100000000)
  region size 1024K, 31 young (31744K), 1 survivors (1024K)
 Metaspace       used 52484K, committed 52864K, reserved 1097728K
  class space    used 7013K, committed 7168K, reserved 1048576K
}
Event: 24.534 GC heap after
{Heap after GC invocations=17 (full 0):
 garbage-first heap   total 68608K, used 22828K [0x00000000c2800000, 0x0000000100000000)
  region size 1024K, 2 young (2048K), 2 survivors (2048K)
 Metaspace       used 52484K, committed 52864K, reserved 1097728K
  class space    used 7013K, committed 7168K, reserved 1048576K
}
Event: 28.364 GC heap before
{Heap before GC invocations=17 (full 0):
 garbage-first heap   total 68608K, used 52524K [0x00000000c2800000, 0x0000000100000000)
  region size 1024K, 32 young (32768K), 2 survivors (2048K)
 Metaspace       used 58201K, committed 58752K, reserved 1105920K
  class space    used 7784K, committed 8064K, reserved 1048576K
}
Event: 28.380 GC heap after
{Heap after GC invocations=18 (full 0):
 garbage-first heap   total 68608K, used 24528K [0x00000000c2800000, 0x0000000100000000)
  region size 1024K, 4 young (4096K), 4 survivors (4096K)
 Metaspace       used 58201K, committed 58752K, reserved 1105920K
  class space    used 7784K, committed 8064K, reserved 1048576K
}
Event: 29.353 GC heap before
{Heap before GC invocations=18 (full 0):
 garbage-first heap   total 68608K, used 37840K [0x00000000c2800000, 0x0000000100000000)
  region size 1024K, 19 young (19456K), 4 survivors (4096K)
 Metaspace       used 59762K, committed 60288K, reserved 1105920K
  class space    used 8046K, committed 8320K, reserved 1048576K
}
Event: 29.376 GC heap after
{Heap after GC invocations=19 (full 0):
 garbage-first heap   total 68608K, used 25262K [0x00000000c2800000, 0x0000000100000000)
  region size 1024K, 3 young (3072K), 3 survivors (3072K)
 Metaspace       used 59762K, committed 60288K, reserved 1105920K
  class space    used 8046K, committed 8320K, reserved 1048576K
}
Event: 31.647 GC heap before
{Heap before GC invocations=20 (full 0):
 garbage-first heap   total 68608K, used 53934K [0x00000000c2800000, 0x0000000100000000)
  region size 1024K, 31 young (31744K), 3 survivors (3072K)
 Metaspace       used 64515K, committed 65024K, reserved 1105920K
  class space    used 8756K, committed 9024K, reserved 1048576K
}
Event: 31.671 GC heap after
{Heap after GC invocations=21 (full 0):
 garbage-first heap   total 68608K, used 28629K [0x00000000c2800000, 0x0000000100000000)
  region size 1024K, 4 young (4096K), 4 survivors (4096K)
 Metaspace       used 64515K, committed 65024K, reserved 1105920K
  class space    used 8756K, committed 9024K, reserved 1048576K
}
Event: 32.840 GC heap before
{Heap before GC invocations=21 (full 0):
 garbage-first heap   total 68608K, used 53205K [0x00000000c2800000, 0x0000000100000000)
  region size 1024K, 29 young (29696K), 4 survivors (4096K)
 Metaspace       used 66357K, committed 66880K, reserved 1114112K
  class space    used 8999K, committed 9216K, reserved 1048576K
}
Event: 32.877 GC heap after
{Heap after GC invocations=22 (full 0):
 garbage-first heap   total 68608K, used 30720K [0x00000000c2800000, 0x0000000100000000)
  region size 1024K, 2 young (2048K), 2 survivors (2048K)
 Metaspace       used 66357K, committed 66880K, reserved 1114112K
  class space    used 8999K, committed 9216K, reserved 1048576K
}
Event: 35.455 GC heap before
{Heap before GC invocations=22 (full 0):
 garbage-first heap   total 68608K, used 54272K [0x00000000c2800000, 0x0000000100000000)
  region size 1024K, 26 young (26624K), 2 survivors (2048K)
 Metaspace       used 70561K, committed 71168K, reserved 1114112K
  class space    used 9521K, committed 9792K, reserved 1048576K
}
Event: 35.475 GC heap after
{Heap after GC invocations=23 (full 0):
 garbage-first heap   total 164864K, used 32385K [0x00000000c2800000, 0x0000000100000000)
  region size 1024K, 4 young (4096K), 4 survivors (4096K)
 Metaspace       used 70561K, committed 71168K, reserved 1114112K
  class space    used 9521K, committed 9792K, reserved 1048576K
}

